 
****************************************
Report : area
Design : CONV
Version: N-2017.09-SP2
Date   : Mon Nov  1 23:19:06 2021
****************************************

Library(s) Used:

    slow (File: /usr/cad/Design_Kit/CBDK_IC_Contest_v2.1/SynopsysDC/db/slow.db)

Number of ports:                         1878
Number of nets:                          6324
Number of cells:                         3621
Number of combinational cells:           2799
Number of sequential cells:               790
Number of macros/black boxes:               0
Number of buf/inv:                        462
Number of references:                     110

Combinational area:              39109.794115
Buf/Inv area:                     2819.381410
Noncombinational area:           19117.816208
Macro/Black Box area:                0.000000
Net Interconnect area:          451315.641296

Total cell area:                 58227.610323
Total area:                     509543.251620
1
